<?xml version="1.0" encoding="UTF-8"?>
<!-- Generated by org.testng.reporters.JUnitReportReporter -->
<testsuite hostname="DESKTOP-GHO9U30" failures="0" tests="18" name="Scenario_component.TelephoneDialPad" time="0.030" errors="0" timestamp="2023-12-04T22:53:19 CET" skipped="0">
  <testcase classname="Scenario_component.TelephoneDialPad" name="Test_phonedial" time="0.006"/>
  <system-out>
Combination of chars for number - 1 -  1,  </system-out>
  <testcase classname="Scenario_component.TelephoneDialPad" name="Test_phonedial" time="0.002"/>
  <system-out>
Combination of chars for number - 2 -  A, B, C,  </system-out>
  <testcase classname="Scenario_component.TelephoneDialPad" name="Test_phonedial" time="0.001"/>
  <system-out>
Combination of chars for number - 14 -  1G, 1H, 1I,  </system-out>
  <testcase classname="Scenario_component.TelephoneDialPad" name="Test_phonedial" time="0.001"/>
  <system-out>
Combination of chars for number - 7 -  P, Q, R, S,  </system-out>
  <testcase classname="Scenario_component.TelephoneDialPad" name="Test_phonedial" time="0.002"/>
  <system-out>
Combination of chars for number - 9 -  W, X, Y, Z,  </system-out>
  <testcase classname="Scenario_component.TelephoneDialPad" name="Test_phonedial" time="0.001"/>
  <system-out>
Combination of chars for number - 567 -  JMP, JMQ, JMR, JMS, JNP, JNQ, JNR, JNS, JOP, JOQ, JOR, JOS, KMP, KMQ, KMR, KMS, KNP, KNQ, KNR, KNS, KOP, KOQ, KOR, KOS, LMP, LMQ, LMR, LMS, LNP, LNQ, LNR, LNS, LOP, LOQ, LOR, LOS,  </system-out>
  <testcase classname="Scenario_component.TelephoneDialPad" name="Test_phonedial" time="0.002"/>
  <system-out>
Combination of chars for number - 3 -  D, E, F,  </system-out>
  <testcase classname="Scenario_component.TelephoneDialPad" name="Test_phonedial" time="0.002"/>
  <system-out>
Combination of chars for number - 4 -  G, H, I,  </system-out>
  <testcase classname="Scenario_component.TelephoneDialPad" name="Test_phonedial" time="0.002"/>
  <system-out>
Combination of chars for number - 10 -  10,  </system-out>
  <testcase classname="Scenario_component.TelephoneDialPad" name="Test_phonedial" time="0.002"/>
  <system-out>
Combination of chars for number - 5 -  J, K, L,  </system-out>
  <testcase classname="Scenario_component.TelephoneDialPad" name="Test_phonedial" time="0.001"/>
  <system-out>
Combination of chars for number - 12 -  1A, 1B, 1C,  </system-out>
  <testcase classname="Scenario_component.TelephoneDialPad" name="Test_phonedial" time="0.001"/>
  <system-out>
Combination of chars for number - 13 -  1D, 1E, 1F,  </system-out>
  <testcase classname="Scenario_component.TelephoneDialPad" name="Test_phonedial" time="0.001"/>
  <system-out>
Combination of chars for number - 8 -  T, U, V,  </system-out>
  <testcase classname="Scenario_component.TelephoneDialPad" name="Test_phonedial" time="0.001"/>
  <system-out>
Combination of chars for number - 456 -  GJM, GJN, GJO, GKM, GKN, GKO, GLM, GLN, GLO, HJM, HJN, HJO, HKM, HKN, HKO, HLM, HLN, HLO, IJM, IJN, IJO, IKM, IKN, IKO, ILM, ILN, ILO,  </system-out>
  <testcase classname="Scenario_component.TelephoneDialPad" name="Test_phonedial" time="0.002"/>
  <system-out>
Combination of chars for number - 234 -  ADG, ADH, ADI, AEG, AEH, AEI, AFG, AFH, AFI, BDG, BDH, BDI, BEG, BEH, BEI, BFG, BFH, BFI, CDG, CDH, CDI, CEG, CEH, CEI, CFG, CFH, CFI,  </system-out>
  <testcase classname="Scenario_component.TelephoneDialPad" name="Test_phonedial" time="0.001"/>
  <system-out>
Combination of chars for number - 15 -  1J, 1K, 1L,  </system-out>
  <testcase classname="Scenario_component.TelephoneDialPad" name="Test_phonedial" time="0.001"/>
  <system-out>
Combination of chars for number - 6 -  M, N, O,  </system-out>
  <testcase classname="Scenario_component.TelephoneDialPad" name="Test_phonedial" time="0.001"/>
  <system-out>
Combination of chars for number - 11 -  11,  </system-out>
</testsuite> <!-- Scenario_component.TelephoneDialPad -->
